<?xml version="1.0" encoding="UTF-8"?>
<!-- Generated by org.testng.reporters.JUnitXMLReporter -->
<testsuite hostname="BLMD-MAC-KPHTD7" ignored="0" name="Default test" tests="5" failures="0" timestamp="09 Jan 2020 03:13:05 GMT" time="40.004" errors="0">
  <testcase name="loginNewtours" time="3.417" classname="pom.testcase.LoginAndRegister"/>
  <testcase name="loginNewtours2" time="5.038" classname="pom.testcase.LoginAndRegister"/>
  <testcase name="loginNewtours3" time="2.621" classname="pom.testcase.LoginAndRegister"/>
  <testcase name="loginNewtours4" time="3.702" classname="pom.testcase.LoginAndRegister"/>
  <testcase name="loginNewtours5" time="3.605" classname="pom.testcase.LoginAndRegister"/>
</testsuite> <!-- Default test -->
