<?xml version="1.0" encoding="UTF-8"?>
<testng-results skipped="0" failed="0" ignored="0" total="5" passed="5">
  <reporter-output>
  </reporter-output>
  <suite name="Default suite" duration-ms="40004" started-at="2020-01-09T03:12:25Z" finished-at="2020-01-09T03:13:05Z">
    <groups>
    </groups>
    <test name="Default test" duration-ms="40004" started-at="2020-01-09T03:12:25Z" finished-at="2020-01-09T03:13:05Z">
      <class name="pom.testcase.LoginAndRegister">
        <test-method status="PASS" signature="openAppication()[pri:0, instance:pom.testcase.LoginAndRegister@39c0f4a]" name="openAppication" is-config="true" duration-ms="3970" started-at="2020-01-09T03:12:25Z" finished-at="2020-01-09T03:12:29Z">
          <reporter-output>
          </reporter-output>
        </test-method> <!-- openAppication -->
        <test-method status="PASS" signature="loginNewtours()[pri:0, instance:pom.testcase.LoginAndRegister@39c0f4a]" name="loginNewtours" duration-ms="3417" started-at="2020-01-09T03:12:29Z" finished-at="2020-01-09T03:12:33Z">
          <reporter-output>
          </reporter-output>
        </test-method> <!-- loginNewtours -->
        <test-method status="PASS" signature="openAppication()[pri:0, instance:pom.testcase.LoginAndRegister@39c0f4a]" name="openAppication" is-config="true" duration-ms="5912" started-at="2020-01-09T03:12:33Z" finished-at="2020-01-09T03:12:39Z">
          <reporter-output>
          </reporter-output>
        </test-method> <!-- openAppication -->
        <test-method status="PASS" signature="loginNewtours2()[pri:0, instance:pom.testcase.LoginAndRegister@39c0f4a]" name="loginNewtours2" duration-ms="5038" started-at="2020-01-09T03:12:39Z" finished-at="2020-01-09T03:12:44Z">
          <reporter-output>
          </reporter-output>
        </test-method> <!-- loginNewtours2 -->
        <test-method status="PASS" signature="openAppication()[pri:0, instance:pom.testcase.LoginAndRegister@39c0f4a]" name="openAppication" is-config="true" duration-ms="4598" started-at="2020-01-09T03:12:44Z" finished-at="2020-01-09T03:12:48Z">
          <reporter-output>
          </reporter-output>
        </test-method> <!-- openAppication -->
        <test-method status="PASS" signature="loginNewtours3()[pri:0, instance:pom.testcase.LoginAndRegister@39c0f4a]" name="loginNewtours3" duration-ms="2621" started-at="2020-01-09T03:12:48Z" finished-at="2020-01-09T03:12:51Z">
          <reporter-output>
          </reporter-output>
        </test-method> <!-- loginNewtours3 -->
        <test-method status="PASS" signature="openAppication()[pri:0, instance:pom.testcase.LoginAndRegister@39c0f4a]" name="openAppication" is-config="true" duration-ms="4326" started-at="2020-01-09T03:12:51Z" finished-at="2020-01-09T03:12:55Z">
          <reporter-output>
          </reporter-output>
        </test-method> <!-- openAppication -->
        <test-method status="PASS" signature="loginNewtours4()[pri:0, instance:pom.testcase.LoginAndRegister@39c0f4a]" name="loginNewtours4" duration-ms="3702" started-at="2020-01-09T03:12:55Z" finished-at="2020-01-09T03:12:59Z">
          <reporter-output>
          </reporter-output>
        </test-method> <!-- loginNewtours4 -->
        <test-method status="PASS" signature="openAppication()[pri:0, instance:pom.testcase.LoginAndRegister@39c0f4a]" name="openAppication" is-config="true" duration-ms="2762" started-at="2020-01-09T03:12:59Z" finished-at="2020-01-09T03:13:02Z">
          <reporter-output>
          </reporter-output>
        </test-method> <!-- openAppication -->
        <test-method status="PASS" signature="loginNewtours5()[pri:0, instance:pom.testcase.LoginAndRegister@39c0f4a]" name="loginNewtours5" duration-ms="3605" started-at="2020-01-09T03:13:02Z" finished-at="2020-01-09T03:13:05Z">
          <reporter-output>
          </reporter-output>
        </test-method> <!-- loginNewtours5 -->
      </class> <!-- pom.testcase.LoginAndRegister -->
    </test> <!-- Default test -->
  </suite> <!-- Default suite -->
</testng-results>
